<?xml version="1.0" encoding="UTF-8"?>
<testsuite xmlns:xsi="http://www.w3.org/2001/XMLSchema-instance" xsi:noNamespaceSchemaLocation="https://maven.apache.org/surefire/maven-surefire-plugin/xsd/surefire-test-report-3.0.xsd" version="3.0" name="TestSuite" time="663.254" tests="7" errors="0" skipped="2" failures="1">
  <properties>
    <property name="sun.desktop" value="windows"/>
    <property name="awt.toolkit" value="sun.awt.windows.WToolkit"/>
    <property name="surefire.suiteXmlFiles" value="fBLoginTestDataProvider.xml"/>
    <property name="file.encoding.pkg" value="sun.io"/>
    <property name="java.specification.version" value="1.8"/>
    <property name="sun.cpu.isalist" value="amd64"/>
    <property name="sun.jnu.encoding" value="Cp1252"/>
    <property name="java.class.path" value="E:\Automation\AutomationNested\com.tddtestng.gui.facebook\target\test-classes;E:\Automation\AutomationNested\com.tddtestng.gui.facebook\target\classes;C:\WINDOWS\system32\config\systemprofile\.m2\repository\org\seleniumhq\selenium\selenium-java\3.141.59\selenium-java-3.141.59.jar;C:\WINDOWS\system32\config\systemprofile\.m2\repository\org\seleniumhq\selenium\selenium-api\3.141.59\selenium-api-3.141.59.jar;C:\WINDOWS\system32\config\systemprofile\.m2\repository\org\seleniumhq\selenium\selenium-chrome-driver\3.141.59\selenium-chrome-driver-3.141.59.jar;C:\WINDOWS\system32\config\systemprofile\.m2\repository\org\seleniumhq\selenium\selenium-edge-driver\3.141.59\selenium-edge-driver-3.141.59.jar;C:\WINDOWS\system32\config\systemprofile\.m2\repository\org\seleniumhq\selenium\selenium-firefox-driver\3.141.59\selenium-firefox-driver-3.141.59.jar;C:\WINDOWS\system32\config\systemprofile\.m2\repository\org\seleniumhq\selenium\selenium-ie-driver\3.141.59\selenium-ie-driver-3.141.59.jar;C:\WINDOWS\system32\config\systemprofile\.m2\repository\org\seleniumhq\selenium\selenium-opera-driver\3.141.59\selenium-opera-driver-3.141.59.jar;C:\WINDOWS\system32\config\systemprofile\.m2\repository\org\seleniumhq\selenium\selenium-remote-driver\3.141.59\selenium-remote-driver-3.141.59.jar;C:\WINDOWS\system32\config\systemprofile\.m2\repository\org\seleniumhq\selenium\selenium-safari-driver\3.141.59\selenium-safari-driver-3.141.59.jar;C:\WINDOWS\system32\config\systemprofile\.m2\repository\org\seleniumhq\selenium\selenium-support\3.141.59\selenium-support-3.141.59.jar;C:\WINDOWS\system32\config\systemprofile\.m2\repository\net\bytebuddy\byte-buddy\1.8.15\byte-buddy-1.8.15.jar;C:\WINDOWS\system32\config\systemprofile\.m2\repository\org\apache\commons\commons-exec\1.3\commons-exec-1.3.jar;C:\WINDOWS\system32\config\systemprofile\.m2\repository\com\google\guava\guava\25.0-jre\guava-25.0-jre.jar;C:\WINDOWS\system32\config\systemprofile\.m2\repository\com\google\code\findbugs\jsr305\1.3.9\jsr305-1.3.9.jar;C:\WINDOWS\system32\config\systemprofile\.m2\repository\org\checkerframework\checker-compat-qual\2.0.0\checker-compat-qual-2.0.0.jar;C:\WINDOWS\system32\config\systemprofile\.m2\repository\com\google\errorprone\error_prone_annotations\2.1.3\error_prone_annotations-2.1.3.jar;C:\WINDOWS\system32\config\systemprofile\.m2\repository\com\google\j2objc\j2objc-annotations\1.1\j2objc-annotations-1.1.jar;C:\WINDOWS\system32\config\systemprofile\.m2\repository\org\codehaus\mojo\animal-sniffer-annotations\1.14\animal-sniffer-annotations-1.14.jar;C:\WINDOWS\system32\config\systemprofile\.m2\repository\com\squareup\okhttp3\okhttp\3.11.0\okhttp-3.11.0.jar;C:\WINDOWS\system32\config\systemprofile\.m2\repository\com\squareup\okio\okio\1.14.0\okio-1.14.0.jar;C:\WINDOWS\system32\config\systemprofile\.m2\repository\io\github\bonigarcia\webdrivermanager\3.8.1\webdrivermanager-3.8.1.jar;C:\WINDOWS\system32\config\systemprofile\.m2\repository\org\slf4j\slf4j-api\1.7.25\slf4j-api-1.7.25.jar;C:\WINDOWS\system32\config\systemprofile\.m2\repository\commons-io\commons-io\2.6\commons-io-2.6.jar;C:\WINDOWS\system32\config\systemprofile\.m2\repository\com\google\code\gson\gson\2.8.5\gson-2.8.5.jar;C:\WINDOWS\system32\config\systemprofile\.m2\repository\org\apache\commons\commons-lang3\3.8.1\commons-lang3-3.8.1.jar;C:\WINDOWS\system32\config\systemprofile\.m2\repository\org\apache\httpcomponents\httpclient\4.5.6\httpclient-4.5.6.jar;C:\WINDOWS\system32\config\systemprofile\.m2\repository\org\apache\httpcomponents\httpcore\4.4.10\httpcore-4.4.10.jar;C:\WINDOWS\system32\config\systemprofile\.m2\repository\commons-logging\commons-logging\1.2\commons-logging-1.2.jar;C:\WINDOWS\system32\config\systemprofile\.m2\repository\commons-codec\commons-codec\1.10\commons-codec-1.10.jar;C:\WINDOWS\system32\config\systemprofile\.m2\repository\org\rauschig\jarchivelib\1.0.0\jarchivelib-1.0.0.jar;C:\WINDOWS\system32\config\systemprofile\.m2\repository\org\jsoup\jsoup\1.11.3\jsoup-1.11.3.jar;C:\WINDOWS\system32\config\systemprofile\.m2\repository\org\apache\poi\poi-ooxml\4.1.1\poi-ooxml-4.1.1.jar;C:\WINDOWS\system32\config\systemprofile\.m2\repository\org\apache\poi\poi\4.1.1\poi-4.1.1.jar;C:\WINDOWS\system32\config\systemprofile\.m2\repository\org\apache\commons\commons-collections4\4.4\commons-collections4-4.4.jar;C:\WINDOWS\system32\config\systemprofile\.m2\repository\org\apache\commons\commons-math3\3.6.1\commons-math3-3.6.1.jar;C:\WINDOWS\system32\config\systemprofile\.m2\repository\org\apache\poi\poi-ooxml-schemas\4.1.1\poi-ooxml-schemas-4.1.1.jar;C:\WINDOWS\system32\config\systemprofile\.m2\repository\org\apache\xmlbeans\xmlbeans\3.1.0\xmlbeans-3.1.0.jar;C:\WINDOWS\system32\config\systemprofile\.m2\repository\org\apache\commons\commons-compress\1.19\commons-compress-1.19.jar;C:\WINDOWS\system32\config\systemprofile\.m2\repository\com\github\virtuald\curvesapi\1.06\curvesapi-1.06.jar;C:\WINDOWS\system32\config\systemprofile\.m2\repository\org\testng\testng\7.3.0\testng-7.3.0.jar;C:\WINDOWS\system32\config\systemprofile\.m2\repository\com\beust\jcommander\1.78\jcommander-1.78.jar;C:\WINDOWS\system32\config\systemprofile\.m2\repository\org\apache\ant\ant\1.10.3\ant-1.10.3.jar;C:\WINDOWS\system32\config\systemprofile\.m2\repository\org\apache\ant\ant-launcher\1.10.3\ant-launcher-1.10.3.jar;C:\WINDOWS\system32\config\systemprofile\.m2\repository\junit\junit\4.12\junit-4.12.jar;C:\WINDOWS\system32\config\systemprofile\.m2\repository\org\hamcrest\hamcrest-core\1.3\hamcrest-core-1.3.jar;C:\WINDOWS\system32\config\systemprofile\.m2\repository\com\google\inject\guice\4.2.2\guice-4.2.2-no_aop.jar;C:\WINDOWS\system32\config\systemprofile\.m2\repository\javax\inject\javax.inject\1\javax.inject-1.jar;C:\WINDOWS\system32\config\systemprofile\.m2\repository\aopalliance\aopalliance\1.0\aopalliance-1.0.jar;C:\WINDOWS\system32\config\systemprofile\.m2\repository\org\yaml\snakeyaml\1.21\snakeyaml-1.21.jar;"/>
    <property name="java.vm.vendor" value="Oracle Corporation"/>
    <property name="sun.arch.data.model" value="64"/>
    <property name="user.variant" value=""/>
    <property name="java.vendor.url" value="http://java.oracle.com/"/>
    <property name="user.timezone" value="Asia/Calcutta"/>
    <property name="java.vm.specification.version" value="1.8"/>
    <property name="os.name" value="Windows 10"/>
    <property name="user.country" value="IN"/>
    <property name="sun.java.launcher" value="SUN_STANDARD"/>
    <property name="sun.boot.library.path" value="C:\Program Files\Java\jdk1.8.0_181\jre\bin"/>
    <property name="sun.java.command" value="C:\Windows\Temp\surefire8994207120200251439\surefirebooter1834783003381163961.jar C:\Windows\Temp\surefire8994207120200251439 2020-11-23T13-34-27_201-jvmRun1 surefire4724091586446324010tmp surefire_04921323941797499540tmp"/>
    <property name="surefire.test.class.path" value="E:\Automation\AutomationNested\com.tddtestng.gui.facebook\target\test-classes;E:\Automation\AutomationNested\com.tddtestng.gui.facebook\target\classes;C:\WINDOWS\system32\config\systemprofile\.m2\repository\org\seleniumhq\selenium\selenium-java\3.141.59\selenium-java-3.141.59.jar;C:\WINDOWS\system32\config\systemprofile\.m2\repository\org\seleniumhq\selenium\selenium-api\3.141.59\selenium-api-3.141.59.jar;C:\WINDOWS\system32\config\systemprofile\.m2\repository\org\seleniumhq\selenium\selenium-chrome-driver\3.141.59\selenium-chrome-driver-3.141.59.jar;C:\WINDOWS\system32\config\systemprofile\.m2\repository\org\seleniumhq\selenium\selenium-edge-driver\3.141.59\selenium-edge-driver-3.141.59.jar;C:\WINDOWS\system32\config\systemprofile\.m2\repository\org\seleniumhq\selenium\selenium-firefox-driver\3.141.59\selenium-firefox-driver-3.141.59.jar;C:\WINDOWS\system32\config\systemprofile\.m2\repository\org\seleniumhq\selenium\selenium-ie-driver\3.141.59\selenium-ie-driver-3.141.59.jar;C:\WINDOWS\system32\config\systemprofile\.m2\repository\org\seleniumhq\selenium\selenium-opera-driver\3.141.59\selenium-opera-driver-3.141.59.jar;C:\WINDOWS\system32\config\systemprofile\.m2\repository\org\seleniumhq\selenium\selenium-remote-driver\3.141.59\selenium-remote-driver-3.141.59.jar;C:\WINDOWS\system32\config\systemprofile\.m2\repository\org\seleniumhq\selenium\selenium-safari-driver\3.141.59\selenium-safari-driver-3.141.59.jar;C:\WINDOWS\system32\config\systemprofile\.m2\repository\org\seleniumhq\selenium\selenium-support\3.141.59\selenium-support-3.141.59.jar;C:\WINDOWS\system32\config\systemprofile\.m2\repository\net\bytebuddy\byte-buddy\1.8.15\byte-buddy-1.8.15.jar;C:\WINDOWS\system32\config\systemprofile\.m2\repository\org\apache\commons\commons-exec\1.3\commons-exec-1.3.jar;C:\WINDOWS\system32\config\systemprofile\.m2\repository\com\google\guava\guava\25.0-jre\guava-25.0-jre.jar;C:\WINDOWS\system32\config\systemprofile\.m2\repository\com\google\code\findbugs\jsr305\1.3.9\jsr305-1.3.9.jar;C:\WINDOWS\system32\config\systemprofile\.m2\repository\org\checkerframework\checker-compat-qual\2.0.0\checker-compat-qual-2.0.0.jar;C:\WINDOWS\system32\config\systemprofile\.m2\repository\com\google\errorprone\error_prone_annotations\2.1.3\error_prone_annotations-2.1.3.jar;C:\WINDOWS\system32\config\systemprofile\.m2\repository\com\google\j2objc\j2objc-annotations\1.1\j2objc-annotations-1.1.jar;C:\WINDOWS\system32\config\systemprofile\.m2\repository\org\codehaus\mojo\animal-sniffer-annotations\1.14\animal-sniffer-annotations-1.14.jar;C:\WINDOWS\system32\config\systemprofile\.m2\repository\com\squareup\okhttp3\okhttp\3.11.0\okhttp-3.11.0.jar;C:\WINDOWS\system32\config\systemprofile\.m2\repository\com\squareup\okio\okio\1.14.0\okio-1.14.0.jar;C:\WINDOWS\system32\config\systemprofile\.m2\repository\io\github\bonigarcia\webdrivermanager\3.8.1\webdrivermanager-3.8.1.jar;C:\WINDOWS\system32\config\systemprofile\.m2\repository\org\slf4j\slf4j-api\1.7.25\slf4j-api-1.7.25.jar;C:\WINDOWS\system32\config\systemprofile\.m2\repository\commons-io\commons-io\2.6\commons-io-2.6.jar;C:\WINDOWS\system32\config\systemprofile\.m2\repository\com\google\code\gson\gson\2.8.5\gson-2.8.5.jar;C:\WINDOWS\system32\config\systemprofile\.m2\repository\org\apache\commons\commons-lang3\3.8.1\commons-lang3-3.8.1.jar;C:\WINDOWS\system32\config\systemprofile\.m2\repository\org\apache\httpcomponents\httpclient\4.5.6\httpclient-4.5.6.jar;C:\WINDOWS\system32\config\systemprofile\.m2\repository\org\apache\httpcomponents\httpcore\4.4.10\httpcore-4.4.10.jar;C:\WINDOWS\system32\config\systemprofile\.m2\repository\commons-logging\commons-logging\1.2\commons-logging-1.2.jar;C:\WINDOWS\system32\config\systemprofile\.m2\repository\commons-codec\commons-codec\1.10\commons-codec-1.10.jar;C:\WINDOWS\system32\config\systemprofile\.m2\repository\org\rauschig\jarchivelib\1.0.0\jarchivelib-1.0.0.jar;C:\WINDOWS\system32\config\systemprofile\.m2\repository\org\jsoup\jsoup\1.11.3\jsoup-1.11.3.jar;C:\WINDOWS\system32\config\systemprofile\.m2\repository\org\apache\poi\poi-ooxml\4.1.1\poi-ooxml-4.1.1.jar;C:\WINDOWS\system32\config\systemprofile\.m2\repository\org\apache\poi\poi\4.1.1\poi-4.1.1.jar;C:\WINDOWS\system32\config\systemprofile\.m2\repository\org\apache\commons\commons-collections4\4.4\commons-collections4-4.4.jar;C:\WINDOWS\system32\config\systemprofile\.m2\repository\org\apache\commons\commons-math3\3.6.1\commons-math3-3.6.1.jar;C:\WINDOWS\system32\config\systemprofile\.m2\repository\org\apache\poi\poi-ooxml-schemas\4.1.1\poi-ooxml-schemas-4.1.1.jar;C:\WINDOWS\system32\config\systemprofile\.m2\repository\org\apache\xmlbeans\xmlbeans\3.1.0\xmlbeans-3.1.0.jar;C:\WINDOWS\system32\config\systemprofile\.m2\repository\org\apache\commons\commons-compress\1.19\commons-compress-1.19.jar;C:\WINDOWS\system32\config\systemprofile\.m2\repository\com\github\virtuald\curvesapi\1.06\curvesapi-1.06.jar;C:\WINDOWS\system32\config\systemprofile\.m2\repository\org\testng\testng\7.3.0\testng-7.3.0.jar;C:\WINDOWS\system32\config\systemprofile\.m2\repository\com\beust\jcommander\1.78\jcommander-1.78.jar;C:\WINDOWS\system32\config\systemprofile\.m2\repository\org\apache\ant\ant\1.10.3\ant-1.10.3.jar;C:\WINDOWS\system32\config\systemprofile\.m2\repository\org\apache\ant\ant-launcher\1.10.3\ant-launcher-1.10.3.jar;C:\WINDOWS\system32\config\systemprofile\.m2\repository\junit\junit\4.12\junit-4.12.jar;C:\WINDOWS\system32\config\systemprofile\.m2\repository\org\hamcrest\hamcrest-core\1.3\hamcrest-core-1.3.jar;C:\WINDOWS\system32\config\systemprofile\.m2\repository\com\google\inject\guice\4.2.2\guice-4.2.2-no_aop.jar;C:\WINDOWS\system32\config\systemprofile\.m2\repository\javax\inject\javax.inject\1\javax.inject-1.jar;C:\WINDOWS\system32\config\systemprofile\.m2\repository\aopalliance\aopalliance\1.0\aopalliance-1.0.jar;C:\WINDOWS\system32\config\systemprofile\.m2\repository\org\yaml\snakeyaml\1.21\snakeyaml-1.21.jar;"/>
    <property name="sun.cpu.endian" value="little"/>
    <property name="user.home" value="C:\WINDOWS\system32\config\systemprofile"/>
    <property name="user.language" value="en"/>
    <property name="java.specification.vendor" value="Oracle Corporation"/>
    <property name="java.home" value="C:\Program Files\Java\jdk1.8.0_181\jre"/>
    <property name="basedir" value="E:\Automation\AutomationNested\com.tddtestng.gui.facebook"/>
    <property name="file.separator" value="\"/>
    <property name="line.separator" value="&#10;"/>
    <property name="java.vm.specification.vendor" value="Oracle Corporation"/>
    <property name="java.specification.name" value="Java Platform API Specification"/>
    <property name="java.awt.graphicsenv" value="sun.awt.Win32GraphicsEnvironment"/>
    <property name="surefire.real.class.path" value="C:\Windows\Temp\surefire8994207120200251439\surefirebooter1834783003381163961.jar"/>
    <property name="sun.boot.class.path" value="C:\Program Files\Java\jdk1.8.0_181\jre\lib\resources.jar;C:\Program Files\Java\jdk1.8.0_181\jre\lib\rt.jar;C:\Program Files\Java\jdk1.8.0_181\jre\lib\sunrsasign.jar;C:\Program Files\Java\jdk1.8.0_181\jre\lib\jsse.jar;C:\Program Files\Java\jdk1.8.0_181\jre\lib\jce.jar;C:\Program Files\Java\jdk1.8.0_181\jre\lib\charsets.jar;C:\Program Files\Java\jdk1.8.0_181\jre\lib\jfr.jar;C:\Program Files\Java\jdk1.8.0_181\jre\classes"/>
    <property name="user.script" value=""/>
    <property name="sun.management.compiler" value="HotSpot 64-Bit Tiered Compilers"/>
    <property name="java.runtime.version" value="1.8.0_181-b13"/>
    <property name="user.name" value="DESKTOP-D8HNM4S$"/>
    <property name="path.separator" value=";"/>
    <property name="os.version" value="10.0"/>
    <property name="java.endorsed.dirs" value="C:\Program Files\Java\jdk1.8.0_181\jre\lib\endorsed"/>
    <property name="java.runtime.name" value="Java(TM) SE Runtime Environment"/>
    <property name="file.encoding" value="Cp1252"/>
    <property name="java.vm.name" value="Java HotSpot(TM) 64-Bit Server VM"/>
    <property name="localRepository" value="C:\WINDOWS\system32\config\systemprofile\.m2\repository"/>
    <property name="java.vendor.url.bug" value="http://bugreport.sun.com/bugreport/"/>
    <property name="java.io.tmpdir" value="C:\WINDOWS\TEMP\"/>
    <property name="java.version" value="1.8.0_181"/>
    <property name="user.dir" value="E:\Automation\AutomationNested\com.tddtestng.gui.facebook"/>
    <property name="os.arch" value="amd64"/>
    <property name="java.vm.specification.name" value="Java Virtual Machine Specification"/>
    <property name="java.awt.printerjob" value="sun.awt.windows.WPrinterJob"/>
    <property name="sun.os.patch.level" value=""/>
    <property name="java.library.path" value="C:\Program Files\Java\jdk1.8.0_181\jre\bin;C:\WINDOWS\Sun\Java\bin;C:\WINDOWS\system32;C:\WINDOWS;C:\Program Files (x86)\Common Files\Oracle\Java\javapath;C:\Program Files (x86)\Intel\iCLS Client\;C:\Program Files\Intel\iCLS Client\;C:\WINDOWS\system32;C:\WINDOWS;C:\WINDOWS\System32\Wbem;C:\WINDOWS\System32\WindowsPowerShell\v1.0\;C:\Program Files (x86)\Intel\Intel(R) Management Engine Components\DAL;C:\Program Files\Intel\Intel(R) Management Engine Components\DAL;C:\Program Files (x86)\Intel\Intel(R) Management Engine Components\IPT;C:\Program Files\Intel\Intel(R) Management Engine Components\IPT;C:\WINDOWS\System32\OpenSSH\;C:\Program Files\Java\jdk1.8.0_181\bin;E:\Automation\appium\tools;E:\Automation\appium\platform-tools;E:\Automation\appium\build-tools\25.0.1;C:\Program Files\nodejs\;E:\Automation\AutomationNested\axis2-1.7.9\bin;E:\Automation\apache-maven-3.6.3\bin;C:\WINDOWS\system32\config\systemprofile\AppData\Local\Microsoft\WindowsApps;."/>
    <property name="java.vm.info" value="mixed mode"/>
    <property name="java.vendor" value="Oracle Corporation"/>
    <property name="java.vm.version" value="25.181-b13"/>
    <property name="java.ext.dirs" value="C:\Program Files\Java\jdk1.8.0_181\jre\lib\ext;C:\WINDOWS\Sun\Java\lib\ext"/>
    <property name="sun.io.unicode.encoding" value="UnicodeLittle"/>
    <property name="java.class.version" value="52.0"/>
  </properties>
  <testcase name="loginTest" classname="tests.FBLoginTestDataProvider" time="6.544"/>
  <testcase name="loginTest" classname="tests.FBLoginTestDataProvider" time="7.441"/>
  <testcase name="loginTest" classname="tests.FBLoginTestDataProvider" time="6.495"/>
  <testcase name="loginTest" classname="tests.FBLoginTestDataProvider" time="6.573"/>
  <testcase name="loginTest" classname="tests.FBLoginTestDataProvider" time="0">
    <skipped message="session not created&#10;from timeout: Timed out receiving message from renderer: 600.000&#10;  (Session info: chrome=87.0.4280.66)&#10;Build info: version: &apos;3.141.59&apos;, revision: &apos;e82be7d358&apos;, time: &apos;2018-11-14T08:17:03&apos;&#10;System info: host: &apos;DESKTOP-D8HNM4S&apos;, ip: &apos;192.168.1.7&apos;, os.name: &apos;Windows 10&apos;, os.arch: &apos;amd64&apos;, os.version: &apos;10.0&apos;, java.version: &apos;1.8.0_181&apos;&#10;Driver info: driver.version: ChromeDriver&#10;remote stacktrace: Backtrace:&#10;	Ordinal0 [0x00A6ECE3+3337443]&#10;	Ordinal0 [0x0094F041+2158657]&#10;	Ordinal0 [0x007D6FA8+618408]&#10;	Ordinal0 [0x007CAE8F+568975]&#10;	Ordinal0 [0x007CA131+565553]&#10;	Ordinal0 [0x007CA525+566565]&#10;	Ordinal0 [0x007C9E45+564805]&#10;	Ordinal0 [0x007D35C1+603585]&#10;	Ordinal0 [0x007C9E01+564737]&#10;	Ordinal0 [0x007CABB2+568242]&#10;	Ordinal0 [0x007CA131+565553]&#10;	Ordinal0 [0x007CA525+566565]&#10;	Ordinal0 [0x007C9E45+564805]&#10;	Ordinal0 [0x007D1A3C+596540]&#10;	Ordinal0 [0x007C9E01+564737]&#10;	Ordinal0 [0x007CABB2+568242]&#10;	Ordinal0 [0x007CA131+565553]&#10;	Ordinal0 [0x007CA525+566565]&#10;	Ordinal0 [0x007C9E45+564805]&#10;	Ordinal0 [0x007CFB72+588658]&#10;	Ordinal0 [0x007C9E01+564737]&#10;	Ordinal0 [0x007CABB2+568242]&#10;	Ordinal0 [0x007CA131+565553]&#10;	Ordinal0 [0x007CA525+566565]&#10;	Ordinal0 [0x007C9E45+564805]&#10;	Ordinal0 [0x007CED85+585093]&#10;	Ordinal0 [0x007C9E01+564737]&#10;	Ordinal0 [0x007CABB2+568242]&#10;	Ordinal0 [0x007CA131+565553]&#10;	Ordinal0 [0x007CA525+566565]&#10;	Ordinal0 [0x007C9E45+564805]&#10;	Ordinal0 [0x007C6486+550022]&#10;	Ordinal0 [0x007C9E01+564737]&#10;	Ordinal0 [0x007C9C23+564259]&#10;	Ordinal0 [0x007C9A17+563735]&#10;	Ordinal0 [0x007D7FD0+622544]&#10;	Ordinal0 [0x00776B2D+224045]&#10;	Ordinal0 [0x00775BFC+220156]&#10;	Ordinal0 [0x0077181B+202779]&#10;	Ordinal0 [0x00753D74+81268]&#10;	Ordinal0 [0x00754D6E+85358]&#10;	Ordinal0 [0x00754CF9+85241]&#10;	Ordinal0 [0x00966F2C+2256684]&#10;	GetHandleVerifier [0x00BF2FAC+1478332]&#10;	GetHandleVerifier [0x00BF2AFD+1477133]&#10;	GetHandleVerifier [0x00BFAAD8+1509864]&#10;	GetHandleVerifier [0x00BF369E+1480110]&#10;	Ordinal0 [0x0095D6BD+2217661]&#10;	Ordinal0 [0x009689AB+2263467]&#10;	Ordinal0 [0x00968AEF+2263791]&#10;	Ordinal0 [0x0097D363+2347875]&#10;	BaseThreadInitThunk [0x77966359+25]&#10;	RtlGetAppContainerNamedObjectPath [0x77C28944+228]&#10;	RtlGetAppContainerNamedObjectPath [0x77C28914+180]&#10;"/>
  </testcase>
  <testcase name="launchSite" classname="tests.FBLoginTestDataProvider" time="612.477">
    <failure message="session not created&#10;from timeout: Timed out receiving message from renderer: 600.000&#10;  (Session info: chrome=87.0.4280.66)&#10;Build info: version: &apos;3.141.59&apos;, revision: &apos;e82be7d358&apos;, time: &apos;2018-11-14T08:17:03&apos;&#10;System info: host: &apos;DESKTOP-D8HNM4S&apos;, ip: &apos;192.168.1.7&apos;, os.name: &apos;Windows 10&apos;, os.arch: &apos;amd64&apos;, os.version: &apos;10.0&apos;, java.version: &apos;1.8.0_181&apos;&#10;Driver info: driver.version: ChromeDriver&#10;remote stacktrace: Backtrace:&#10;	Ordinal0 [0x00A6ECE3+3337443]&#10;	Ordinal0 [0x0094F041+2158657]&#10;	Ordinal0 [0x007D6FA8+618408]&#10;	Ordinal0 [0x007CAE8F+568975]&#10;	Ordinal0 [0x007CA131+565553]&#10;	Ordinal0 [0x007CA525+566565]&#10;	Ordinal0 [0x007C9E45+564805]&#10;	Ordinal0 [0x007D35C1+603585]&#10;	Ordinal0 [0x007C9E01+564737]&#10;	Ordinal0 [0x007CABB2+568242]&#10;	Ordinal0 [0x007CA131+565553]&#10;	Ordinal0 [0x007CA525+566565]&#10;	Ordinal0 [0x007C9E45+564805]&#10;	Ordinal0 [0x007D1A3C+596540]&#10;	Ordinal0 [0x007C9E01+564737]&#10;	Ordinal0 [0x007CABB2+568242]&#10;	Ordinal0 [0x007CA131+565553]&#10;	Ordinal0 [0x007CA525+566565]&#10;	Ordinal0 [0x007C9E45+564805]&#10;	Ordinal0 [0x007CFB72+588658]&#10;	Ordinal0 [0x007C9E01+564737]&#10;	Ordinal0 [0x007CABB2+568242]&#10;	Ordinal0 [0x007CA131+565553]&#10;	Ordinal0 [0x007CA525+566565]&#10;	Ordinal0 [0x007C9E45+564805]&#10;	Ordinal0 [0x007CED85+585093]&#10;	Ordinal0 [0x007C9E01+564737]&#10;	Ordinal0 [0x007CABB2+568242]&#10;	Ordinal0 [0x007CA131+565553]&#10;	Ordinal0 [0x007CA525+566565]&#10;	Ordinal0 [0x007C9E45+564805]&#10;	Ordinal0 [0x007C6486+550022]&#10;	Ordinal0 [0x007C9E01+564737]&#10;	Ordinal0 [0x007C9C23+564259]&#10;	Ordinal0 [0x007C9A17+563735]&#10;	Ordinal0 [0x007D7FD0+622544]&#10;	Ordinal0 [0x00776B2D+224045]&#10;	Ordinal0 [0x00775BFC+220156]&#10;	Ordinal0 [0x0077181B+202779]&#10;	Ordinal0 [0x00753D74+81268]&#10;	Ordinal0 [0x00754D6E+85358]&#10;	Ordinal0 [0x00754CF9+85241]&#10;	Ordinal0 [0x00966F2C+2256684]&#10;	GetHandleVerifier [0x00BF2FAC+1478332]&#10;	GetHandleVerifier [0x00BF2AFD+1477133]&#10;	GetHandleVerifier [0x00BFAAD8+1509864]&#10;	GetHandleVerifier [0x00BF369E+1480110]&#10;	Ordinal0 [0x0095D6BD+2217661]&#10;	Ordinal0 [0x009689AB+2263467]&#10;	Ordinal0 [0x00968AEF+2263791]&#10;	Ordinal0 [0x0097D363+2347875]&#10;	BaseThreadInitThunk [0x77966359+25]&#10;	RtlGetAppContainerNamedObjectPath [0x77C28944+228]&#10;	RtlGetAppContainerNamedObjectPath [0x77C28914+180]&#10;" type="org.openqa.selenium.SessionNotCreatedException">org.openqa.selenium.SessionNotCreatedException: 
session not created
from timeout: Timed out receiving message from renderer: 600.000
  (Session info: chrome=87.0.4280.66)
Build info: version: '3.141.59', revision: 'e82be7d358', time: '2018-11-14T08:17:03'
System info: host: 'DESKTOP-D8HNM4S', ip: '192.168.1.7', os.name: 'Windows 10', os.arch: 'amd64', os.version: '10.0', java.version: '1.8.0_181'
Driver info: driver.version: ChromeDriver
remote stacktrace: Backtrace:
	Ordinal0 [0x00A6ECE3+3337443]
	Ordinal0 [0x0094F041+2158657]
	Ordinal0 [0x007D6FA8+618408]
	Ordinal0 [0x007CAE8F+568975]
	Ordinal0 [0x007CA131+565553]
	Ordinal0 [0x007CA525+566565]
	Ordinal0 [0x007C9E45+564805]
	Ordinal0 [0x007D35C1+603585]
	Ordinal0 [0x007C9E01+564737]
	Ordinal0 [0x007CABB2+568242]
	Ordinal0 [0x007CA131+565553]
	Ordinal0 [0x007CA525+566565]
	Ordinal0 [0x007C9E45+564805]
	Ordinal0 [0x007D1A3C+596540]
	Ordinal0 [0x007C9E01+564737]
	Ordinal0 [0x007CABB2+568242]
	Ordinal0 [0x007CA131+565553]
	Ordinal0 [0x007CA525+566565]
	Ordinal0 [0x007C9E45+564805]
	Ordinal0 [0x007CFB72+588658]
	Ordinal0 [0x007C9E01+564737]
	Ordinal0 [0x007CABB2+568242]
	Ordinal0 [0x007CA131+565553]
	Ordinal0 [0x007CA525+566565]
	Ordinal0 [0x007C9E45+564805]
	Ordinal0 [0x007CED85+585093]
	Ordinal0 [0x007C9E01+564737]
	Ordinal0 [0x007CABB2+568242]
	Ordinal0 [0x007CA131+565553]
	Ordinal0 [0x007CA525+566565]
	Ordinal0 [0x007C9E45+564805]
	Ordinal0 [0x007C6486+550022]
	Ordinal0 [0x007C9E01+564737]
	Ordinal0 [0x007C9C23+564259]
	Ordinal0 [0x007C9A17+563735]
	Ordinal0 [0x007D7FD0+622544]
	Ordinal0 [0x00776B2D+224045]
	Ordinal0 [0x00775BFC+220156]
	Ordinal0 [0x0077181B+202779]
	Ordinal0 [0x00753D74+81268]
	Ordinal0 [0x00754D6E+85358]
	Ordinal0 [0x00754CF9+85241]
	Ordinal0 [0x00966F2C+2256684]
	GetHandleVerifier [0x00BF2FAC+1478332]
	GetHandleVerifier [0x00BF2AFD+1477133]
	GetHandleVerifier [0x00BFAAD8+1509864]
	GetHandleVerifier [0x00BF369E+1480110]
	Ordinal0 [0x0095D6BD+2217661]
	Ordinal0 [0x009689AB+2263467]
	Ordinal0 [0x00968AEF+2263791]
	Ordinal0 [0x0097D363+2347875]
	BaseThreadInitThunk [0x77966359+25]
	RtlGetAppContainerNamedObjectPath [0x77C28944+228]
	RtlGetAppContainerNamedObjectPath [0x77C28914+180]

	at tests.FBLoginTestDataProvider.launchSite(FBLoginTestDataProvider.java:52)
</failure>
    <system-err><![CDATA[Starting ChromeDriver 87.0.4280.20 (c99e81631faa0b2a448e658c0dbd8311fb04ddbd-refs/branch-heads/4280@{#355}) on port 2664
Only local connections are allowed.
Please see https://chromedriver.chromium.org/security-considerations for suggestions on keeping ChromeDriver safe.
ChromeDriver was started successfully.
[1606119332.863][SEVERE]: Timed out receiving message from renderer: 600.000
]]></system-err>
  </testcase>
  <testcase name="closeSite" classname="tests.FBLoginTestDataProvider" time="0">
    <skipped/>
  </testcase>
</testsuite>