<?xml version="1.0" encoding="UTF-8"?>
<!-- Generated by org.testng.reporters.JUnitReportReporter -->
<testsuite skipped="0" hostname="DESKTOP-D8HNM4S" name="tests.FBLoginTestDataProviderClass" tests="7" failures="0" timestamp="2020-11-13T18:51:23 IST" time="43.372" errors="0">
  <testcase name="launchSite" time="7.653" classname="tests.FBLoginTestDataProviderClass"/>
  <system-out/>
  <testcase name="loginTest" time="6.537" classname="tests.FBLoginTestDataProviderClass"/>
  <system-out>
Blank/Nondomain email address test passed  </system-out>
  <testcase name="loginTest" time="6.513" classname="tests.FBLoginTestDataProviderClass"/>
  <system-out/>
  <testcase name="loginTest" time="9.383" classname="tests.FBLoginTestDataProviderClass"/>
  <system-out>
Login test passed  </system-out>
  <testcase name="loginTest" time="6.572" classname="tests.FBLoginTestDataProviderClass"/>
  <system-out>
Invalid email address test passed  </system-out>
  <testcase name="loginTest" time="6.434" classname="tests.FBLoginTestDataProviderClass"/>
  <system-out>
Blank/Invalid password test passed  </system-out>
  <testcase name="closeSite" time="0.280" classname="tests.FBLoginTestDataProviderClass"/>
  <system-out/>
</testsuite> <!-- tests.FBLoginTestDataProviderClass -->
