<?xml version="1.0" encoding="UTF-8"?>
<!-- Generated by org.testng.reporters.JUnitReportReporter -->
<testsuite skipped="0" hostname="DESKTOP-D8HNM4S" name="tests.FBLoginTest" tests="15" failures="0" timestamp="2020-11-12T18:43:11 IST" time="164.542" errors="0">
  <testcase name="launchSite" time="22.447" classname="tests.FBLoginTest"/>
  <system-out/>
  <testcase name="launchSite" time="23.509" classname="tests.FBLoginTest"/>
  <system-out/>
  <testcase name="launchSite" time="22.907" classname="tests.FBLoginTest"/>
  <system-out/>
  <testcase name="launchSite" time="23.541" classname="tests.FBLoginTest"/>
  <system-out/>
  <testcase name="launchSite" time="21.948" classname="tests.FBLoginTest"/>
  <system-out/>
  <testcase name="loginTest" time="12.828" classname="tests.FBLoginTest"/>
  <system-out>
Login test passed  </system-out>
  <testcase name="loginTest" time="8.585" classname="tests.FBLoginTest"/>
  <system-out>
Blank/Invalid password test passed  </system-out>
  <testcase name="loginTest" time="9.160" classname="tests.FBLoginTest"/>
  <system-out>
Invalid email address test passed  </system-out>
  <testcase name="loginTest" time="8.675" classname="tests.FBLoginTest"/>
  <system-out>
Blank/Invalid password test passed  </system-out>
  <testcase name="loginTest" time="8.909" classname="tests.FBLoginTest"/>
  <system-out>
Blank/Nondomain email address test passed  </system-out>
  <testcase name="closeSite" time="0.309" classname="tests.FBLoginTest"/>
  <system-out/>
  <testcase name="closeSite" time="0.376" classname="tests.FBLoginTest"/>
  <system-out/>
  <testcase name="closeSite" time="0.116" classname="tests.FBLoginTest"/>
  <system-out/>
  <testcase name="closeSite" time="0.696" classname="tests.FBLoginTest"/>
  <system-out/>
  <testcase name="closeSite" time="0.536" classname="tests.FBLoginTest"/>
  <system-out/>
</testsuite> <!-- tests.FBLoginTest -->
