<?xml version="1.0" encoding="UTF-8"?>
<!-- Generated by org.testng.reporters.JUnitReportReporter -->
<testsuite skipped="0" hostname="DESKTOP-D8HNM4S" name="tests.Test3" tests="2" failures="0" timestamp="2020-11-12T16:31:16 IST" time="110.258" errors="0">
  <testcase name="method6" time="55.559" classname="tests.Test3"/>
  <system-out/>
  <testcase name="method5" time="54.699" classname="tests.Test3"/>
  <system-out/>
</testsuite> <!-- tests.Test3 -->
