<?xml version="1.0" encoding="UTF-8"?>
<!-- Generated by org.testng.reporters.JUnitReportReporter -->
<testsuite skipped="0" hostname="DESKTOP-D8HNM4S" name="tests.GoogleTitleTest" tests="1" failures="0" timestamp="2020-11-12T13:35:25 IST" time="21.591" errors="0">
  <testcase name="titleTest" time="21.591" classname="tests.GoogleTitleTest"/>
  <system-out>
Title test passed  </system-out>
</testsuite> <!-- tests.GoogleTitleTest -->
