<?xml version="1.0" encoding="UTF-8"?>
<!-- Generated by org.testng.reporters.JUnitReportReporter -->
<testsuite skipped="0" hostname="DESKTOP-D8HNM4S" name="tests.Test1" tests="2" failures="0" timestamp="2020-11-12T16:31:15 IST" time="97.283" errors="0">
  <testcase name="method1" time="43.158" classname="tests.Test1"/>
  <system-out/>
  <testcase name="method2" time="54.125" classname="tests.Test1"/>
  <system-out/>
</testsuite> <!-- tests.Test1 -->
