<?xml version="1.0" encoding="UTF-8"?>
<!-- Generated by org.testng.reporters.JUnitReportReporter -->
<testsuite skipped="0" hostname="DESKTOP-D8HNM4S" name="tests.GoogleTitleTestUsingTestNG" tests="5" failures="0" timestamp="2020-11-12T13:53:24 IST" time="14.833" errors="0">
  <testcase name="enterWordtoSearch" time="4.152" classname="tests.GoogleTitleTestUsingTestNG"/>
  <system-out/>
  <testcase name="launchBrowser" time="5.219" classname="tests.GoogleTitleTestUsingTestNG"/>
  <system-out/>
  <testcase name="launchSite" time="3.769" classname="tests.GoogleTitleTestUsingTestNG"/>
  <system-out/>
  <testcase name="titleTest" time="1.344" classname="tests.GoogleTitleTestUsingTestNG"/>
  <system-out>
Title test passed  </system-out>
  <testcase name="closeSite" time="0.349" classname="tests.GoogleTitleTestUsingTestNG"/>
  <system-out/>
</testsuite> <!-- tests.GoogleTitleTestUsingTestNG -->
