<?xml version="1.0" encoding="UTF-8"?>
<!-- Generated by org.testng.reporters.JUnitReportReporter -->
<testsuite skipped="0" hostname="DESKTOP-D8HNM4S" name="tests.FBLoginTest" tests="15" failures="0" timestamp="2020-11-13T16:02:27 IST" time="175.312" errors="0">
  <testcase name="launchSite" time="23.319" classname="tests.FBLoginTest"/>
  <system-out/>
  <testcase name="launchSite" time="22.470" classname="tests.FBLoginTest"/>
  <system-out/>
  <testcase name="launchSite" time="22.461" classname="tests.FBLoginTest"/>
  <system-out/>
  <testcase name="launchSite" time="23.768" classname="tests.FBLoginTest"/>
  <system-out/>
  <testcase name="launchSite" time="24.358" classname="tests.FBLoginTest"/>
  <system-out/>
  <testcase name="loginTest" time="11.133" classname="tests.FBLoginTest"/>
  <system-out/>
  <testcase name="loginTest" time="8.867" classname="tests.FBLoginTest"/>
  <system-out>
Blank/Invalid password test passed  </system-out>
  <testcase name="loginTest" time="9.836" classname="tests.FBLoginTest"/>
  <system-out>
Blank/Invalid password test passed  </system-out>
  <testcase name="loginTest" time="10.760" classname="tests.FBLoginTest"/>
  <system-out>
Blank/Nondomain email address test passed  </system-out>
  <testcase name="loginTest" time="9.571" classname="tests.FBLoginTest"/>
  <system-out>
Invalid email address test passed  </system-out>
  <testcase name="closeSite" time="1.236" classname="tests.FBLoginTest"/>
  <system-out/>
  <testcase name="closeSite" time="2.093" classname="tests.FBLoginTest"/>
  <system-out/>
  <testcase name="closeSite" time="0.765" classname="tests.FBLoginTest"/>
  <system-out/>
  <testcase name="closeSite" time="2.358" classname="tests.FBLoginTest"/>
  <system-out/>
  <testcase name="closeSite" time="2.317" classname="tests.FBLoginTest"/>
  <system-out/>
</testsuite> <!-- tests.FBLoginTest -->
