<?xml version="1.0" encoding="UTF-8"?>
<!-- Generated by org.testng.reporters.JUnitReportReporter -->
<testsuite skipped="0" hostname="DESKTOP-D8HNM4S" name="tests.Test4" tests="2" failures="0" timestamp="2020-11-12T16:31:15 IST" time="98.799" errors="0">
  <testcase name="method3" time="49.201" classname="tests.Test4"/>
  <system-out/>
  <testcase name="method4" time="49.598" classname="tests.Test4"/>
  <system-out/>
</testsuite> <!-- tests.Test4 -->
