<?xml version="1.0" encoding="UTF-8"?>
<!-- Generated by org.testng.reporters.JUnitReportReporter -->
<testsuite skipped="0" hostname="DESKTOP-D8HNM4S" name="tests.Test2" tests="2" failures="0" timestamp="2020-11-12T16:31:16 IST" time="91.731" errors="0">
  <testcase name="method3" time="49.137" classname="tests.Test2"/>
  <system-out/>
  <testcase name="method4" time="42.594" classname="tests.Test2"/>
  <system-out/>
</testsuite> <!-- tests.Test2 -->
