<?xml version="1.0" encoding="UTF-8"?>
<!-- Generated by org.testng.reporters.JUnitReportReporter -->
<testsuite skipped="0" hostname="DESKTOP-D8HNM4S" name="tests.FBLoginTestDataProvider" tests="4" failures="0" timestamp="2020-11-13T18:07:06 IST" time="21.370" errors="0">
  <testcase name="launchSite" time="8.039" classname="tests.FBLoginTestDataProvider"/>
  <system-out/>
  <testcase name="loginTest" time="6.723" classname="tests.FBLoginTestDataProvider"/>
  <system-out/>
  <testcase name="loginTest" time="6.482" classname="tests.FBLoginTestDataProvider"/>
  <system-out>
Blank/Invalid password test passed  </system-out>
  <testcase name="closeSite" time="0.126" classname="tests.FBLoginTestDataProvider"/>
  <system-out/>
</testsuite> <!-- tests.FBLoginTestDataProvider -->
