<?xml version="1.0" encoding="UTF-8"?>
<!-- Generated by org.testng.reporters.JUnitReportReporter -->
<testsuite skipped="0" hostname="DESKTOP-D8HNM4S" name="tests.FBLoginTest" tests="15" failures="0" timestamp="2020-11-23T13:28:32 IST" time="154.007" errors="0">
  <testcase name="launchSite" time="23.380" classname="tests.FBLoginTest"/>
  <system-out/>
  <testcase name="launchSite" time="25.256" classname="tests.FBLoginTest"/>
  <system-out/>
  <testcase name="launchSite" time="15.962" classname="tests.FBLoginTest"/>
  <system-out/>
  <testcase name="launchSite" time="23.761" classname="tests.FBLoginTest"/>
  <system-out/>
  <testcase name="launchSite" time="23.229" classname="tests.FBLoginTest"/>
  <system-out/>
  <testcase name="loginTest" time="8.206" classname="tests.FBLoginTest"/>
  <system-out>
Blank/Invalid password test passed  </system-out>
  <testcase name="loginTest" time="8.121" classname="tests.FBLoginTest"/>
  <system-out/>
  <testcase name="loginTest" time="6.754" classname="tests.FBLoginTest"/>
  <system-out>
Invalid email address test passed  </system-out>
  <testcase name="loginTest" time="8.333" classname="tests.FBLoginTest"/>
  <system-out>
Blank/Nondomain email address test passed  </system-out>
  <testcase name="loginTest" time="8.797" classname="tests.FBLoginTest"/>
  <system-out>
Blank/Invalid password test passed  </system-out>
  <testcase name="closeSite" time="0.762" classname="tests.FBLoginTest"/>
  <system-out/>
  <testcase name="closeSite" time="0.179" classname="tests.FBLoginTest"/>
  <system-out/>
  <testcase name="closeSite" time="0.279" classname="tests.FBLoginTest"/>
  <system-out/>
  <testcase name="closeSite" time="0.769" classname="tests.FBLoginTest"/>
  <system-out/>
  <testcase name="closeSite" time="0.219" classname="tests.FBLoginTest"/>
  <system-out/>
</testsuite> <!-- tests.FBLoginTest -->
