<?xml version="1.0" encoding="UTF-8"?>
<!-- Generated by org.testng.reporters.JUnitReportReporter -->
<testsuite skipped="0" hostname="DESKTOP-D8HNM4S" name="tests.FBLoginTest" tests="15" failures="0" timestamp="2020-11-21T20:54:35 IST" time="196.360" errors="0">
  <testcase name="launchSite" time="32.837" classname="tests.FBLoginTest"/>
  <system-out/>
  <testcase name="launchSite" time="29.605" classname="tests.FBLoginTest"/>
  <system-out/>
  <testcase name="launchSite" time="33.961" classname="tests.FBLoginTest"/>
  <system-out/>
  <testcase name="launchSite" time="23.713" classname="tests.FBLoginTest"/>
  <system-out/>
  <testcase name="launchSite" time="32.793" classname="tests.FBLoginTest"/>
  <system-out/>
  <testcase name="loginTest" time="7.955" classname="tests.FBLoginTest"/>
  <system-out>
Invalid email address test passed  </system-out>
  <testcase name="loginTest" time="7.866" classname="tests.FBLoginTest"/>
  <system-out>
Blank/Invalid password test passed  </system-out>
  <testcase name="loginTest" time="7.442" classname="tests.FBLoginTest"/>
  <system-out/>
  <testcase name="loginTest" time="7.735" classname="tests.FBLoginTest"/>
  <system-out>
Blank/Nondomain email address test passed  </system-out>
  <testcase name="loginTest" time="7.716" classname="tests.FBLoginTest"/>
  <system-out>
Blank/Invalid password test passed  </system-out>
  <testcase name="closeSite" time="1.026" classname="tests.FBLoginTest"/>
  <system-out/>
  <testcase name="closeSite" time="0.563" classname="tests.FBLoginTest"/>
  <system-out/>
  <testcase name="closeSite" time="0.299" classname="tests.FBLoginTest"/>
  <system-out/>
  <testcase name="closeSite" time="2.162" classname="tests.FBLoginTest"/>
  <system-out/>
  <testcase name="closeSite" time="0.687" classname="tests.FBLoginTest"/>
  <system-out/>
</testsuite> <!-- tests.FBLoginTest -->
