<?xml version="1.0" encoding="UTF-8"?>
<!-- Generated by org.testng.reporters.JUnitReportReporter -->
<testsuite skipped="0" hostname="DESKTOP-D8HNM4S" name="tests.FBLoginTest" tests="15" failures="0" timestamp="2020-11-13T18:07:06 IST" time="140.472" errors="0">
  <testcase name="launchSite" time="19.219" classname="tests.FBLoginTest"/>
  <system-out/>
  <testcase name="launchSite" time="17.568" classname="tests.FBLoginTest"/>
  <system-out/>
  <testcase name="launchSite" time="17.476" classname="tests.FBLoginTest"/>
  <system-out/>
  <testcase name="launchSite" time="17.924" classname="tests.FBLoginTest"/>
  <system-out/>
  <testcase name="launchSite" time="17.418" classname="tests.FBLoginTest"/>
  <system-out/>
  <testcase name="loginTest" time="9.798" classname="tests.FBLoginTest"/>
  <system-out>
Invalid email address test passed  </system-out>
  <testcase name="loginTest" time="7.721" classname="tests.FBLoginTest"/>
  <system-out>
Blank/Nondomain email address test passed  </system-out>
  <testcase name="loginTest" time="9.093" classname="tests.FBLoginTest"/>
  <system-out>
Blank/Invalid password test passed  </system-out>
  <testcase name="loginTest" time="8.499" classname="tests.FBLoginTest"/>
  <system-out>
Blank/Invalid password test passed  </system-out>
  <testcase name="loginTest" time="9.014" classname="tests.FBLoginTest"/>
  <system-out/>
  <testcase name="closeSite" time="0.974" classname="tests.FBLoginTest"/>
  <system-out/>
  <testcase name="closeSite" time="0.398" classname="tests.FBLoginTest"/>
  <system-out/>
  <testcase name="closeSite" time="1.722" classname="tests.FBLoginTest"/>
  <system-out/>
  <testcase name="closeSite" time="1.664" classname="tests.FBLoginTest"/>
  <system-out/>
  <testcase name="closeSite" time="1.984" classname="tests.FBLoginTest"/>
  <system-out/>
</testsuite> <!-- tests.FBLoginTest -->
