<?xml version="1.0" encoding="UTF-8"?>
<!-- Generated by org.testng.reporters.JUnitReportReporter -->
<testsuite skipped="1" hostname="DESKTOP-D8HNM4S" name="tests.FBLoginTestDataProvider" tests="6" failures="0" timestamp="2020-11-23T13:45:33 IST" time="662.000" errors="1">
  <testcase name="launchSite" time="612.765" classname="tests.FBLoginTestDataProvider">
    <error type="org.openqa.selenium.SessionNotCreatedException" message="session not created
from timeout: Timed out receiving message from renderer: 600.000
  (Session info: chrome=87.0.4280.66)
Build info: version: &#039;3.141.59&#039;, revision: &#039;e82be7d358&#039;, time: &#039;2018-11-14T08:17:03&#039;
System info: host: &#039;DESKTOP-D8HNM4S&#039;, ip: &#039;192.168.1.7&#039;, os.name: &#039;Windows 10&#039;, os.arch: &#039;amd64&#039;, os.version: &#039;10.0&#039;, java.version: &#039;1.8.0_181&#039;
Driver info: driver.version: ChromeDriver
remote stacktrace: Backtrace:
	Ordinal0 [0x00A6ECE3+3337443]
	Ordinal0 [0x0094F041+2158657]
	Ordinal0 [0x007D6FA8+618408]
	Ordinal0 [0x007CAE8F+568975]
	Ordinal0 [0x007CA131+565553]
	Ordinal0 [0x007CA525+566565]
	Ordinal0 [0x007C9E45+564805]
	Ordinal0 [0x007D35C1+603585]
	Ordinal0 [0x007C9E01+564737]
	Ordinal0 [0x007CABB2+568242]
	Ordinal0 [0x007CA131+565553]
	Ordinal0 [0x007CA525+566565]
	Ordinal0 [0x007C9E45+564805]
	Ordinal0 [0x007D1A3C+596540]
	Ordinal0 [0x007C9E01+564737]
	Ordinal0 [0x007CABB2+568242]
	Ordinal0 [0x007CA131+565553]
	Ordinal0 [0x007CA525+566565]
	Ordinal0 [0x007C9E45+564805]
	Ordinal0 [0x007CFB72+588658]
	Ordinal0 [0x007C9E01+564737]
	Ordinal0 [0x007CABB2+568242]
	Ordinal0 [0x007CA131+565553]
	Ordinal0 [0x007CA525+566565]
	Ordinal0 [0x007C9E45+564805]
	Ordinal0 [0x007CED85+585093]
	Ordinal0 [0x007C9E01+564737]
	Ordinal0 [0x007CABB2+568242]
	Ordinal0 [0x007CA131+565553]
	Ordinal0 [0x007CA525+566565]
	Ordinal0 [0x007C9E45+564805]
	Ordinal0 [0x007C6486+550022]
	Ordinal0 [0x007C9E01+564737]
	Ordinal0 [0x007C9C23+564259]
	Ordinal0 [0x007C9A17+563735]
	Ordinal0 [0x007D7FD0+622544]
	Ordinal0 [0x00776B2D+224045]
	Ordinal0 [0x00775BFC+220156]
	Ordinal0 [0x0077181B+202779]
	Ordinal0 [0x00753D74+81268]
	Ordinal0 [0x00754D6E+85358]
	Ordinal0 [0x00754CF9+85241]
	Ordinal0 [0x00966F2C+2256684]
	GetHandleVerifier [0x00BF2FAC+1478332]
	GetHandleVerifier [0x00BF2AFD+1477133]
	GetHandleVerifier [0x00BFAAD8+1509864]
	GetHandleVerifier [0x00BF369E+1480110]
	Ordinal0 [0x0095D6BD+2217661]
	Ordinal0 [0x009689AB+2263467]
	Ordinal0 [0x00968AEF+2263791]
	Ordinal0 [0x0097D363+2347875]
	BaseThreadInitThunk [0x77966359+25]
	RtlGetAppContainerNamedObjectPath [0x77C28944+228]
	RtlGetAppContainerNamedObjectPath [0x77C28914+180]
">
      <![CDATA[org.openqa.selenium.SessionNotCreatedException: session not created
from timeout: Timed out receiving message from renderer: 600.000
  (Session info: chrome=87.0.4280.66)
Build info: version: '3.141.59', revision: 'e82be7d358', time: '2018-11-14T08:17:03'
System info: host: 'DESKTOP-D8HNM4S', ip: '192.168.1.7', os.name: 'Windows 10', os.arch: 'amd64', os.version: '10.0', java.version: '1.8.0_181'
Driver info: driver.version: ChromeDriver
remote stacktrace: Backtrace:
Ordinal0 [0x00A6ECE3+3337443]
Ordinal0 [0x0094F041+2158657]
Ordinal0 [0x007D6FA8+618408]
Ordinal0 [0x007CAE8F+568975]
Ordinal0 [0x007CA131+565553]
Ordinal0 [0x007CA525+566565]
Ordinal0 [0x007C9E45+564805]
Ordinal0 [0x007D35C1+603585]
Ordinal0 [0x007C9E01+564737]
Ordinal0 [0x007CABB2+568242]
Ordinal0 [0x007CA131+565553]
Ordinal0 [0x007CA525+566565]
Ordinal0 [0x007C9E45+564805]
Ordinal0 [0x007D1A3C+596540]
Ordinal0 [0x007C9E01+564737]
Ordinal0 [0x007CABB2+568242]
Ordinal0 [0x007CA131+565553]
Ordinal0 [0x007CA525+566565]
Ordinal0 [0x007C9E45+564805]
Ordinal0 [0x007CFB72+588658]
Ordinal0 [0x007C9E01+564737]
Ordinal0 [0x007CABB2+568242]
Ordinal0 [0x007CA131+565553]
Ordinal0 [0x007CA525+566565]
Ordinal0 [0x007C9E45+564805]
Ordinal0 [0x007CED85+585093]
Ordinal0 [0x007C9E01+564737]
Ordinal0 [0x007CABB2+568242]
Ordinal0 [0x007CA131+565553]
Ordinal0 [0x007CA525+566565]
Ordinal0 [0x007C9E45+564805]
Ordinal0 [0x007C6486+550022]
Ordinal0 [0x007C9E01+564737]
Ordinal0 [0x007C9C23+564259]
Ordinal0 [0x007C9A17+563735]
Ordinal0 [0x007D7FD0+622544]
Ordinal0 [0x00776B2D+224045]
Ordinal0 [0x00775BFC+220156]
Ordinal0 [0x0077181B+202779]
Ordinal0 [0x00753D74+81268]
Ordinal0 [0x00754D6E+85358]
Ordinal0 [0x00754CF9+85241]
Ordinal0 [0x00966F2C+2256684]
GetHandleVerifier [0x00BF2FAC+1478332]
GetHandleVerifier [0x00BF2AFD+1477133]
GetHandleVerifier [0x00BFAAD8+1509864]
GetHandleVerifier [0x00BF369E+1480110]
Ordinal0 [0x0095D6BD+2217661]
Ordinal0 [0x009689AB+2263467]
Ordinal0 [0x00968AEF+2263791]
Ordinal0 [0x0097D363+2347875]
BaseThreadInitThunk [0x77966359+25]
RtlGetAppContainerNamedObjectPath [0x77C28944+228]
RtlGetAppContainerNamedObjectPath [0x77C28914+180]

at sun.reflect.NativeConstructorAccessorImpl.newInstance0(Native Method)
at sun.reflect.NativeConstructorAccessorImpl.newInstance(NativeConstructorAccessorImpl.java:62)
at sun.reflect.DelegatingConstructorAccessorImpl.newInstance(DelegatingConstructorAccessorImpl.java:45)
at java.lang.reflect.Constructor.newInstance(Constructor.java:423)
at org.openqa.selenium.remote.W3CHandshakeResponse.lambda$errorHandler$0(W3CHandshakeResponse.java:62)
at org.openqa.selenium.remote.HandshakeResponse.lambda$getResponseFunction$0(HandshakeResponse.java:30)
at org.openqa.selenium.remote.ProtocolHandshake.lambda$createSession$0(ProtocolHandshake.java:126)
at java.util.stream.ReferencePipeline$3$1.accept(ReferencePipeline.java:193)
at java.util.Spliterators$ArraySpliterator.tryAdvance(Spliterators.java:958)
at java.util.stream.ReferencePipeline.forEachWithCancel(ReferencePipeline.java:126)
at java.util.stream.AbstractPipeline.copyIntoWithCancel(AbstractPipeline.java:498)
at java.util.stream.AbstractPipeline.copyInto(AbstractPipeline.java:485)
at java.util.stream.AbstractPipeline.wrapAndCopyInto(AbstractPipeline.java:471)
at java.util.stream.FindOps$FindOp.evaluateSequential(FindOps.java:152)
at java.util.stream.AbstractPipeline.evaluate(AbstractPipeline.java:234)
at java.util.stream.ReferencePipeline.findFirst(ReferencePipeline.java:464)
at org.openqa.selenium.remote.ProtocolHandshake.createSession(ProtocolHandshake.java:128)
at org.openqa.selenium.remote.ProtocolHandshake.createSession(ProtocolHandshake.java:74)
at org.openqa.selenium.remote.HttpCommandExecutor.execute(HttpCommandExecutor.java:136)
at org.openqa.selenium.remote.service.DriverCommandExecutor.execute(DriverCommandExecutor.java:83)
at org.openqa.selenium.remote.RemoteWebDriver.execute(RemoteWebDriver.java:552)
at org.openqa.selenium.remote.RemoteWebDriver.startSession(RemoteWebDriver.java:213)
at org.openqa.selenium.remote.RemoteWebDriver.<init>(RemoteWebDriver.java:131)
at org.openqa.selenium.chrome.ChromeDriver.<init>(ChromeDriver.java:181)
at org.openqa.selenium.chrome.ChromeDriver.<init>(ChromeDriver.java:168)
at org.openqa.selenium.chrome.ChromeDriver.<init>(ChromeDriver.java:157)
at utilities.TestUtility.launchBrowser(TestUtility.java:54)
at tests.FBLoginTestDataProvider.launchSite(FBLoginTestDataProvider.java:52)
at sun.reflect.NativeMethodAccessorImpl.invoke0(Native Method)
at sun.reflect.NativeMethodAccessorImpl.invoke(NativeMethodAccessorImpl.java:62)
at sun.reflect.DelegatingMethodAccessorImpl.invoke(DelegatingMethodAccessorImpl.java:43)
at java.lang.reflect.Method.invoke(Method.java:498)
at org.testng.internal.MethodInvocationHelper.invokeMethod(MethodInvocationHelper.java:132)
at org.testng.internal.MethodInvocationHelper.invokeMethodConsideringTimeout(MethodInvocationHelper.java:61)
at org.testng.internal.ConfigInvoker.invokeConfigurationMethod(ConfigInvoker.java:366)
at org.testng.internal.ConfigInvoker.invokeConfigurations(ConfigInvoker.java:320)
at org.testng.internal.TestInvoker.runConfigMethods(TestInvoker.java:701)
at org.testng.internal.TestInvoker.invokeMethod(TestInvoker.java:527)
at org.testng.internal.TestInvoker.invokeTestMethod(TestInvoker.java:174)
at org.testng.internal.MethodRunner.runInSequence(MethodRunner.java:46)
at org.testng.internal.TestInvoker$MethodInvocationAgent.invoke(TestInvoker.java:822)
at org.testng.internal.TestInvoker.invokeTestMethods(TestInvoker.java:147)
at org.testng.internal.TestMethodWorker.invokeTestMethods(TestMethodWorker.java:146)
at org.testng.internal.TestMethodWorker.run(TestMethodWorker.java:128)
at java.util.ArrayList.forEach(ArrayList.java:1257)
at org.testng.TestRunner.privateRun(TestRunner.java:764)
at org.testng.TestRunner.run(TestRunner.java:585)
at org.testng.SuiteRunner.runTest(SuiteRunner.java:384)
at org.testng.SuiteRunner.runSequentially(SuiteRunner.java:378)
at org.testng.SuiteRunner.privateRun(SuiteRunner.java:337)
at org.testng.SuiteRunner.run(SuiteRunner.java:286)
at org.testng.SuiteRunnerWorker.runSuite(SuiteRunnerWorker.java:53)
at org.testng.SuiteRunnerWorker.run(SuiteRunnerWorker.java:96)
at org.testng.TestNG.runSuitesSequentially(TestNG.java:1218)
at org.testng.TestNG.runSuitesLocally(TestNG.java:1140)
at org.testng.TestNG.runSuites(TestNG.java:1069)
at org.testng.TestNG.run(TestNG.java:1037)
at org.apache.maven.surefire.testng.TestNGExecutor.run(TestNGExecutor.java:283)
at org.apache.maven.surefire.testng.TestNGXmlTestSuite.execute(TestNGXmlTestSuite.java:75)
at org.apache.maven.surefire.testng.TestNGProvider.invoke(TestNGProvider.java:120)
at org.apache.maven.surefire.booter.ForkedBooter.invokeProviderInSameClassLoader(ForkedBooter.java:384)
at org.apache.maven.surefire.booter.ForkedBooter.runSuitesInProcess(ForkedBooter.java:345)
at org.apache.maven.surefire.booter.ForkedBooter.execute(ForkedBooter.java:126)
at org.apache.maven.surefire.booter.ForkedBooter.main(ForkedBooter.java:418)
]]>
    </error>
  </testcase> <!-- launchSite -->
  <system-out/>
  <testcase name="loginTest" time="13.827" classname="tests.FBLoginTestDataProvider"/>
  <system-out>
Blank/Invalid password test passed  </system-out>
  <testcase name="loginTest" time="13.257" classname="tests.FBLoginTestDataProvider"/>
  <system-out>
Blank/Invalid password test passed  </system-out>
  <testcase name="loginTest" time="14.711" classname="tests.FBLoginTestDataProvider"/>
  <system-out>
Blank/Nondomain email address test passed  </system-out>
  <testcase name="loginTest" time="0.000" classname="tests.FBLoginTestDataProvider">
    <skipped/>
  </testcase> <!-- loginTest -->
  <system-out/>
  <testcase name="loginTest" time="7.440" classname="tests.FBLoginTestDataProvider"/>
  <system-out>
Invalid email address test passed  </system-out>
</testsuite> <!-- tests.FBLoginTestDataProvider -->
